{"C:\\Users\\Bahromjon\\Desktop\\NODE\\express-topshiriq\\index.js": {"path":"C:\\Users\\Bahromjon\\Desktop\\NODE\\express-topshiriq\\index.js","statementMap":{"0":{"start":{"line":1,"column":16},"end":{"line":1,"column":34}},"1":{"start":{"line":2,"column":12},"end":{"line":2,"column":21}},"2":{"start":{"line":3,"column":16},"end":{"line":3,"column":34}},"3":{"start":{"line":4,"column":0},"end":{"line":4,"column":31}},"4":{"start":{"line":5,"column":0},"end":{"line":5,"column":33}},"5":{"start":{"line":6,"column":0},"end":{"line":6,"column":26}},"6":{"start":{"line":7,"column":0},"end":{"line":7,"column":30}},"7":{"start":{"line":9,"column":13},"end":{"line":9,"column":37}},"8":{"start":{"line":10,"column":14},"end":{"line":12,"column":2}},"9":{"start":{"line":11,"column":4},"end":{"line":11,"column":58}},"10":{"start":{"line":14,"column":0},"end":{"line":14,"column":22}}},"fnMap":{"0":{"name":"(anonymous_0)","decl":{"start":{"line":10,"column":31},"end":{"line":10,"column":32}},"loc":{"start":{"line":10,"column":37},"end":{"line":12,"column":1}},"line":10}},"branchMap":{"0":{"loc":{"start":{"line":9,"column":13},"end":{"line":9,"column":37}},"type":"binary-expr","locations":[{"start":{"line":9,"column":13},"end":{"line":9,"column":29}},{"start":{"line":9,"column":33},"end":{"line":9,"column":37}}],"line":9}},"s":{"0":1,"1":1,"2":1,"3":1,"4":1,"5":1,"6":1,"7":1,"8":1,"9":1,"10":1},"f":{"0":1},"b":{"0":[1,1]},"_coverageSchema":"1a1c01bbd47fc00a2c39e90264f33305004495a9","hash":"5ba9474f80462be65b1475db1c3aa89bf428c655"}
,"C:\\Users\\Bahromjon\\Desktop\\NODE\\express-topshiriq\\middleware\\admin.js": {"path":"C:\\Users\\Bahromjon\\Desktop\\NODE\\express-topshiriq\\middleware\\admin.js","statementMap":{"0":{"start":{"line":1,"column":0},"end":{"line":6,"column":1}},"1":{"start":{"line":2,"column":4},"end":{"line":3,"column":64}},"2":{"start":{"line":3,"column":8},"end":{"line":3,"column":64}},"3":{"start":{"line":5,"column":4},"end":{"line":5,"column":11}}},"fnMap":{"0":{"name":"(anonymous_0)","decl":{"start":{"line":1,"column":15},"end":{"line":1,"column":16}},"loc":{"start":{"line":1,"column":39},"end":{"line":6,"column":1}},"line":1}},"branchMap":{"0":{"loc":{"start":{"line":2,"column":4},"end":{"line":3,"column":64}},"type":"if","locations":[{"start":{"line":2,"column":4},"end":{"line":3,"column":64}},{"start":{},"end":{}}],"line":2}},"s":{"0":1,"1":0,"2":0,"3":0},"f":{"0":0},"b":{"0":[0,0]},"_coverageSchema":"1a1c01bbd47fc00a2c39e90264f33305004495a9","hash":"44e7a0a47a7aa53e9a8a1cf6e144eb412c2f0840"}
,"C:\\Users\\Bahromjon\\Desktop\\NODE\\express-topshiriq\\middleware\\auth.js": {"path":"C:\\Users\\Bahromjon\\Desktop\\NODE\\express-topshiriq\\middleware\\auth.js","statementMap":{"0":{"start":{"line":1,"column":10},"end":{"line":1,"column":33}},"1":{"start":{"line":2,"column":13},"end":{"line":2,"column":30}},"2":{"start":{"line":4,"column":0},"end":{"line":16,"column":1}},"3":{"start":{"line":5,"column":16},"end":{"line":5,"column":42}},"4":{"start":{"line":6,"column":4},"end":{"line":7,"column":82}},"5":{"start":{"line":7,"column":4},"end":{"line":7,"column":82}},"6":{"start":{"line":9,"column":4},"end":{"line":15,"column":5}},"7":{"start":{"line":10,"column":22},"end":{"line":10,"column":68}},"8":{"start":{"line":11,"column":8},"end":{"line":11,"column":24}},"9":{"start":{"line":12,"column":8},"end":{"line":12,"column":15}},"10":{"start":{"line":14,"column":8},"end":{"line":14,"column":54}}},"fnMap":{"0":{"name":"auth","decl":{"start":{"line":4,"column":25},"end":{"line":4,"column":29}},"loc":{"start":{"line":4,"column":45},"end":{"line":16,"column":1}},"line":4}},"branchMap":{"0":{"loc":{"start":{"line":6,"column":4},"end":{"line":7,"column":82}},"type":"if","locations":[{"start":{"line":6,"column":4},"end":{"line":7,"column":82}},{"start":{},"end":{}}],"line":6}},"s":{"0":1,"1":1,"2":1,"3":9,"4":9,"5":2,"6":7,"7":7,"8":7,"9":7,"10":0},"f":{"0":9},"b":{"0":[2,7]},"_coverageSchema":"1a1c01bbd47fc00a2c39e90264f33305004495a9","hash":"a93f4f795560a908560a3b89fe581d39497f7d7d"}
,"C:\\Users\\Bahromjon\\Desktop\\NODE\\express-topshiriq\\middleware\\error.js": {"path":"C:\\Users\\Bahromjon\\Desktop\\NODE\\express-topshiriq\\middleware\\error.js","statementMap":{"0":{"start":{"line":1,"column":16},"end":{"line":1,"column":34}},"1":{"start":{"line":3,"column":0},"end":{"line":6,"column":1}},"2":{"start":{"line":4,"column":4},"end":{"line":4,"column":35}},"3":{"start":{"line":5,"column":4},"end":{"line":5,"column":66}}},"fnMap":{"0":{"name":"(anonymous_0)","decl":{"start":{"line":3,"column":17},"end":{"line":3,"column":18}},"loc":{"start":{"line":3,"column":48},"end":{"line":6,"column":1}},"line":3}},"branchMap":{},"s":{"0":1,"1":1,"2":0,"3":0},"f":{"0":0},"b":{},"_coverageSchema":"1a1c01bbd47fc00a2c39e90264f33305004495a9","hash":"ebd7a28f17fa4f6b4ab5e349e61ccf45f6abca71"}
,"C:\\Users\\Bahromjon\\Desktop\\NODE\\express-topshiriq\\models\\category.js": {"path":"C:\\Users\\Bahromjon\\Desktop\\NODE\\express-topshiriq\\models\\category.js","statementMap":{"0":{"start":{"line":1,"column":10},"end":{"line":1,"column":24}},"1":{"start":{"line":2,"column":15},"end":{"line":2,"column":34}},"2":{"start":{"line":4,"column":21},"end":{"line":11,"column":2}},"3":{"start":{"line":13,"column":15},"end":{"line":13,"column":57}},"4":{"start":{"line":16,"column":25},"end":{"line":18,"column":5}},"5":{"start":{"line":19,"column":4},"end":{"line":19,"column":50}},"6":{"start":{"line":22,"column":4},"end":{"line":22,"column":30}},"7":{"start":{"line":23,"column":4},"end":{"line":23,"column":42}},"8":{"start":{"line":24,"column":4},"end":{"line":24,"column":38}}},"fnMap":{"0":{"name":"validateCategory","decl":{"start":{"line":15,"column":9},"end":{"line":15,"column":25}},"loc":{"start":{"line":15,"column":35},"end":{"line":20,"column":5}},"line":15}},"branchMap":{},"s":{"0":1,"1":1,"2":1,"3":1,"4":7,"5":7,"6":1,"7":1,"8":1},"f":{"0":7},"b":{},"_coverageSchema":"1a1c01bbd47fc00a2c39e90264f33305004495a9","hash":"97a1ce3374cc20ce7d0b9c15ab4a9b5fc0cdf262"}
,"C:\\Users\\Bahromjon\\Desktop\\NODE\\express-topshiriq\\models\\courses.js": {"path":"C:\\Users\\Bahromjon\\Desktop\\NODE\\express-topshiriq\\models\\courses.js","statementMap":{"0":{"start":{"line":1,"column":12},"end":{"line":1,"column":26}},"1":{"start":{"line":2,"column":17},"end":{"line":2,"column":36}},"2":{"start":{"line":3,"column":27},"end":{"line":3,"column":48}},"3":{"start":{"line":5,"column":15},"end":{"line":33,"column":3}},"4":{"start":{"line":36,"column":17},"end":{"line":43,"column":3}},"5":{"start":{"line":45,"column":2},"end":{"line":45,"column":38}},"6":{"start":{"line":48,"column":0},"end":{"line":48,"column":24}},"7":{"start":{"line":49,"column":0},"end":{"line":49,"column":34}}},"fnMap":{"0":{"name":"validateCourse","decl":{"start":{"line":35,"column":9},"end":{"line":35,"column":23}},"loc":{"start":{"line":35,"column":32},"end":{"line":46,"column":1}},"line":35}},"branchMap":{},"s":{"0":1,"1":1,"2":1,"3":1,"4":0,"5":0,"6":1,"7":1},"f":{"0":0},"b":{},"_coverageSchema":"1a1c01bbd47fc00a2c39e90264f33305004495a9","hash":"dfdff37150d357c5f60195c6bdb1dd87cb04a75a"}
,"C:\\Users\\Bahromjon\\Desktop\\NODE\\express-topshiriq\\models\\customers.js": {"path":"C:\\Users\\Bahromjon\\Desktop\\NODE\\express-topshiriq\\models\\customers.js","statementMap":{"0":{"start":{"line":1,"column":10},"end":{"line":1,"column":24}},"1":{"start":{"line":2,"column":15},"end":{"line":2,"column":34}},"2":{"start":{"line":4,"column":22},"end":{"line":14,"column":2}},"3":{"start":{"line":16,"column":16},"end":{"line":16,"column":59}},"4":{"start":{"line":19,"column":26},"end":{"line":24,"column":5}},"5":{"start":{"line":25,"column":4},"end":{"line":25,"column":51}},"6":{"start":{"line":28,"column":4},"end":{"line":28,"column":32}},"7":{"start":{"line":29,"column":4},"end":{"line":29,"column":38}}},"fnMap":{"0":{"name":"validateCustomer","decl":{"start":{"line":18,"column":9},"end":{"line":18,"column":25}},"loc":{"start":{"line":18,"column":35},"end":{"line":26,"column":5}},"line":18}},"branchMap":{},"s":{"0":1,"1":1,"2":1,"3":1,"4":0,"5":0,"6":1,"7":1},"f":{"0":0},"b":{},"_coverageSchema":"1a1c01bbd47fc00a2c39e90264f33305004495a9","hash":"1e5dedbfdcd873b0253bd54161aa76ac983f0a1a"}
,"C:\\Users\\Bahromjon\\Desktop\\NODE\\express-topshiriq\\models\\enrollment.js": {"path":"C:\\Users\\Bahromjon\\Desktop\\NODE\\express-topshiriq\\models\\enrollment.js","statementMap":{"0":{"start":{"line":1,"column":10},"end":{"line":1,"column":24}},"1":{"start":{"line":2,"column":15},"end":{"line":2,"column":34}},"2":{"start":{"line":4,"column":17},"end":{"line":37,"column":3}},"3":{"start":{"line":40,"column":23},"end":{"line":43,"column":5}},"4":{"start":{"line":44,"column":4},"end":{"line":44,"column":50}},"5":{"start":{"line":48,"column":0},"end":{"line":48,"column":30}},"6":{"start":{"line":49,"column":0},"end":{"line":49,"column":48}}},"fnMap":{"0":{"name":"validateEnrollments","decl":{"start":{"line":39,"column":9},"end":{"line":39,"column":28}},"loc":{"start":{"line":39,"column":41},"end":{"line":46,"column":1}},"line":39}},"branchMap":{},"s":{"0":1,"1":1,"2":1,"3":0,"4":0,"5":1,"6":1},"f":{"0":0},"b":{},"_coverageSchema":"1a1c01bbd47fc00a2c39e90264f33305004495a9","hash":"22b9f3d2041bfd2936780edcbd9cc48e4b8df662"}
,"C:\\Users\\Bahromjon\\Desktop\\NODE\\express-topshiriq\\models\\user.js": {"path":"C:\\Users\\Bahromjon\\Desktop\\NODE\\express-topshiriq\\models\\user.js","statementMap":{"0":{"start":{"line":1,"column":10},"end":{"line":1,"column":24}},"1":{"start":{"line":2,"column":15},"end":{"line":2,"column":34}},"2":{"start":{"line":3,"column":10},"end":{"line":3,"column":33}},"3":{"start":{"line":4,"column":13},"end":{"line":4,"column":30}},"4":{"start":{"line":8,"column":17},"end":{"line":29,"column":2}},"5":{"start":{"line":31,"column":0},"end":{"line":34,"column":1}},"6":{"start":{"line":32,"column":16},"end":{"line":32,"column":89}},"7":{"start":{"line":33,"column":4},"end":{"line":33,"column":17}},"8":{"start":{"line":36,"column":11},"end":{"line":36,"column":45}},"9":{"start":{"line":39,"column":21},"end":{"line":44,"column":5}},"10":{"start":{"line":45,"column":4},"end":{"line":45,"column":42}},"11":{"start":{"line":48,"column":0},"end":{"line":48,"column":18}},"12":{"start":{"line":49,"column":0},"end":{"line":49,"column":38}}},"fnMap":{"0":{"name":"(anonymous_0)","decl":{"start":{"line":31,"column":37},"end":{"line":31,"column":38}},"loc":{"start":{"line":31,"column":47},"end":{"line":34,"column":1}},"line":31},"1":{"name":"userValidation","decl":{"start":{"line":38,"column":9},"end":{"line":38,"column":23}},"loc":{"start":{"line":38,"column":30},"end":{"line":46,"column":1}},"line":38}},"branchMap":{},"s":{"0":1,"1":1,"2":1,"3":1,"4":1,"5":1,"6":9,"7":9,"8":1,"9":0,"10":0,"11":1,"12":1},"f":{"0":9,"1":0},"b":{},"_coverageSchema":"1a1c01bbd47fc00a2c39e90264f33305004495a9","hash":"081de3ef2542be8fb68888f34132e860e26c9d1c"}
,"C:\\Users\\Bahromjon\\Desktop\\NODE\\express-topshiriq\\routes\\auth.js": {"path":"C:\\Users\\Bahromjon\\Desktop\\NODE\\express-topshiriq\\routes\\auth.js","statementMap":{"0":{"start":{"line":1,"column":14},"end":{"line":1,"column":32}},"1":{"start":{"line":2,"column":13},"end":{"line":2,"column":29}},"2":{"start":{"line":3,"column":13},"end":{"line":3,"column":38}},"3":{"start":{"line":4,"column":8},"end":{"line":4,"column":25}},"4":{"start":{"line":5,"column":14},"end":{"line":5,"column":31}},"5":{"start":{"line":6,"column":10},"end":{"line":6,"column":24}},"6":{"start":{"line":9,"column":0},"end":{"line":24,"column":3}},"7":{"start":{"line":10,"column":18},"end":{"line":10,"column":36}},"8":{"start":{"line":11,"column":4},"end":{"line":12,"column":61}},"9":{"start":{"line":12,"column":8},"end":{"line":12,"column":61}},"10":{"start":{"line":14,"column":18},"end":{"line":14,"column":60}},"11":{"start":{"line":15,"column":8},"end":{"line":16,"column":61}},"12":{"start":{"line":16,"column":8},"end":{"line":16,"column":61}},"13":{"start":{"line":18,"column":31},"end":{"line":18,"column":85}},"14":{"start":{"line":19,"column":8},"end":{"line":20,"column":61}},"15":{"start":{"line":20,"column":8},"end":{"line":20,"column":61}},"16":{"start":{"line":22,"column":20},"end":{"line":22,"column":44}},"17":{"start":{"line":23,"column":8},"end":{"line":23,"column":53}},"18":{"start":{"line":27,"column":21},"end":{"line":30,"column":5}},"19":{"start":{"line":31,"column":4},"end":{"line":31,"column":41}},"20":{"start":{"line":34,"column":0},"end":{"line":34,"column":22}}},"fnMap":{"0":{"name":"(anonymous_0)","decl":{"start":{"line":9,"column":17},"end":{"line":9,"column":18}},"loc":{"start":{"line":9,"column":34},"end":{"line":24,"column":1}},"line":9},"1":{"name":"validate","decl":{"start":{"line":26,"column":9},"end":{"line":26,"column":17}},"loc":{"start":{"line":26,"column":23},"end":{"line":32,"column":1}},"line":26}},"branchMap":{"0":{"loc":{"start":{"line":11,"column":4},"end":{"line":12,"column":61}},"type":"if","locations":[{"start":{"line":11,"column":4},"end":{"line":12,"column":61}},{"start":{},"end":{}}],"line":11},"1":{"loc":{"start":{"line":15,"column":8},"end":{"line":16,"column":61}},"type":"if","locations":[{"start":{"line":15,"column":8},"end":{"line":16,"column":61}},{"start":{},"end":{}}],"line":15},"2":{"loc":{"start":{"line":19,"column":8},"end":{"line":20,"column":61}},"type":"if","locations":[{"start":{"line":19,"column":8},"end":{"line":20,"column":61}},{"start":{},"end":{}}],"line":19}},"s":{"0":1,"1":1,"2":1,"3":1,"4":1,"5":1,"6":1,"7":0,"8":0,"9":0,"10":0,"11":0,"12":0,"13":0,"14":0,"15":0,"16":0,"17":0,"18":0,"19":0,"20":1},"f":{"0":0,"1":0},"b":{"0":[0,0],"1":[0,0],"2":[0,0]},"_coverageSchema":"1a1c01bbd47fc00a2c39e90264f33305004495a9","hash":"05a49f5b81efb66606930838e00c5b8e5b061e7a"}
,"C:\\Users\\Bahromjon\\Desktop\\NODE\\express-topshiriq\\routes\\category.js": {"path":"C:\\Users\\Bahromjon\\Desktop\\NODE\\express-topshiriq\\routes\\category.js","statementMap":{"0":{"start":{"line":1,"column":16},"end":{"line":1,"column":34}},"1":{"start":{"line":2,"column":15},"end":{"line":2,"column":31}},"2":{"start":{"line":3,"column":31},"end":{"line":3,"column":60}},"3":{"start":{"line":4,"column":13},"end":{"line":4,"column":42}},"4":{"start":{"line":5,"column":14},"end":{"line":5,"column":44}},"5":{"start":{"line":6,"column":17},"end":{"line":6,"column":36}},"6":{"start":{"line":9,"column":0},"end":{"line":13,"column":2}},"7":{"start":{"line":11,"column":23},"end":{"line":11,"column":57}},"8":{"start":{"line":12,"column":4},"end":{"line":12,"column":25}},"9":{"start":{"line":16,"column":0},"end":{"line":24,"column":2}},"10":{"start":{"line":17,"column":4},"end":{"line":18,"column":51}},"11":{"start":{"line":18,"column":8},"end":{"line":18,"column":51}},"12":{"start":{"line":19,"column":21},"end":{"line":19,"column":59}},"13":{"start":{"line":20,"column":4},"end":{"line":22,"column":5}},"14":{"start":{"line":21,"column":8},"end":{"line":21,"column":57}},"15":{"start":{"line":23,"column":4},"end":{"line":23,"column":23}},"16":{"start":{"line":27,"column":0},"end":{"line":40,"column":3}},"17":{"start":{"line":29,"column":22},"end":{"line":29,"column":40}},"18":{"start":{"line":31,"column":4},"end":{"line":32,"column":62}},"19":{"start":{"line":32,"column":8},"end":{"line":32,"column":62}},"20":{"start":{"line":34,"column":19},"end":{"line":36,"column":6}},"21":{"start":{"line":37,"column":4},"end":{"line":37,"column":37}},"22":{"start":{"line":38,"column":4},"end":{"line":38,"column":35}},"23":{"start":{"line":43,"column":0},"end":{"line":54,"column":3}},"24":{"start":{"line":44,"column":22},"end":{"line":44,"column":40}},"25":{"start":{"line":45,"column":4},"end":{"line":46,"column":61}},"26":{"start":{"line":46,"column":8},"end":{"line":46,"column":61}},"27":{"start":{"line":47,"column":19},"end":{"line":48,"column":22}},"28":{"start":{"line":50,"column":4},"end":{"line":51,"column":77}},"29":{"start":{"line":51,"column":8},"end":{"line":51,"column":77}},"30":{"start":{"line":53,"column":4},"end":{"line":53,"column":23}},"31":{"start":{"line":58,"column":0},"end":{"line":64,"column":2}},"32":{"start":{"line":59,"column":19},"end":{"line":59,"column":66}},"33":{"start":{"line":60,"column":4},"end":{"line":61,"column":75}},"34":{"start":{"line":61,"column":8},"end":{"line":61,"column":75}},"35":{"start":{"line":63,"column":4},"end":{"line":63,"column":23}},"36":{"start":{"line":68,"column":0},"end":{"line":68,"column":24}}},"fnMap":{"0":{"name":"(anonymous_0)","decl":{"start":{"line":9,"column":16},"end":{"line":9,"column":17}},"loc":{"start":{"line":9,"column":36},"end":{"line":13,"column":1}},"line":9},"1":{"name":"(anonymous_1)","decl":{"start":{"line":16,"column":19},"end":{"line":16,"column":20}},"loc":{"start":{"line":16,"column":39},"end":{"line":24,"column":1}},"line":16},"2":{"name":"(anonymous_2)","decl":{"start":{"line":27,"column":23},"end":{"line":27,"column":24}},"loc":{"start":{"line":27,"column":43},"end":{"line":40,"column":1}},"line":27},"3":{"name":"(anonymous_3)","decl":{"start":{"line":43,"column":25},"end":{"line":43,"column":26}},"loc":{"start":{"line":43,"column":45},"end":{"line":54,"column":1}},"line":43},"4":{"name":"(anonymous_4)","decl":{"start":{"line":58,"column":37},"end":{"line":58,"column":38}},"loc":{"start":{"line":58,"column":57},"end":{"line":64,"column":1}},"line":58}},"branchMap":{"0":{"loc":{"start":{"line":17,"column":4},"end":{"line":18,"column":51}},"type":"if","locations":[{"start":{"line":17,"column":4},"end":{"line":18,"column":51}},{"start":{},"end":{}}],"line":17},"1":{"loc":{"start":{"line":20,"column":4},"end":{"line":22,"column":5}},"type":"if","locations":[{"start":{"line":20,"column":4},"end":{"line":22,"column":5}},{"start":{},"end":{}}],"line":20},"2":{"loc":{"start":{"line":31,"column":4},"end":{"line":32,"column":62}},"type":"if","locations":[{"start":{"line":31,"column":4},"end":{"line":32,"column":62}},{"start":{},"end":{}}],"line":31},"3":{"loc":{"start":{"line":45,"column":4},"end":{"line":46,"column":61}},"type":"if","locations":[{"start":{"line":45,"column":4},"end":{"line":46,"column":61}},{"start":{},"end":{}}],"line":45},"4":{"loc":{"start":{"line":50,"column":4},"end":{"line":51,"column":77}},"type":"if","locations":[{"start":{"line":50,"column":4},"end":{"line":51,"column":77}},{"start":{},"end":{}}],"line":50},"5":{"loc":{"start":{"line":60,"column":4},"end":{"line":61,"column":75}},"type":"if","locations":[{"start":{"line":60,"column":4},"end":{"line":61,"column":75}},{"start":{},"end":{}}],"line":60}},"s":{"0":1,"1":1,"2":1,"3":1,"4":1,"5":1,"6":1,"7":1,"8":1,"9":1,"10":4,"11":1,"12":3,"13":3,"14":1,"15":3,"16":1,"17":7,"18":7,"19":5,"20":2,"21":2,"22":2,"23":1,"24":0,"25":0,"26":0,"27":0,"28":0,"29":0,"30":0,"31":1,"32":0,"33":0,"34":0,"35":0,"36":1},"f":{"0":1,"1":4,"2":7,"3":0,"4":0},"b":{"0":[1,3],"1":[1,2],"2":[5,2],"3":[0,0],"4":[0,0],"5":[0,0]},"_coverageSchema":"1a1c01bbd47fc00a2c39e90264f33305004495a9","hash":"0acac195095ac862ffd31978aae3dbf62147d0f5"}
,"C:\\Users\\Bahromjon\\Desktop\\NODE\\express-topshiriq\\routes\\courses.js": {"path":"C:\\Users\\Bahromjon\\Desktop\\NODE\\express-topshiriq\\routes\\courses.js","statementMap":{"0":{"start":{"line":1,"column":14},"end":{"line":1,"column":32}},"1":{"start":{"line":2,"column":13},"end":{"line":2,"column":29}},"2":{"start":{"line":3,"column":25},"end":{"line":3,"column":53}},"3":{"start":{"line":4,"column":15},"end":{"line":4,"column":34}},"4":{"start":{"line":5,"column":17},"end":{"line":5,"column":46}},"5":{"start":{"line":6,"column":11},"end":{"line":6,"column":40}},"6":{"start":{"line":9,"column":0},"end":{"line":12,"column":3}},"7":{"start":{"line":10,"column":17},"end":{"line":10,"column":50}},"8":{"start":{"line":11,"column":4},"end":{"line":11,"column":21}},"9":{"start":{"line":15,"column":0},"end":{"line":21,"column":2}},"10":{"start":{"line":16,"column":17},"end":{"line":16,"column":53}},"11":{"start":{"line":17,"column":4},"end":{"line":19,"column":5}},"12":{"start":{"line":18,"column":8},"end":{"line":18,"column":53}},"13":{"start":{"line":20,"column":4},"end":{"line":20,"column":21}},"14":{"start":{"line":24,"column":0},"end":{"line":46,"column":2}},"15":{"start":{"line":25,"column":18},"end":{"line":25,"column":36}},"16":{"start":{"line":26,"column":4},"end":{"line":27,"column":58}},"17":{"start":{"line":27,"column":4},"end":{"line":27,"column":58}},"18":{"start":{"line":29,"column":17},"end":{"line":29,"column":61}},"19":{"start":{"line":30,"column":4},"end":{"line":31,"column":76}},"20":{"start":{"line":31,"column":8},"end":{"line":31,"column":76}},"21":{"start":{"line":33,"column":15},"end":{"line":43,"column":6}},"22":{"start":{"line":44,"column":4},"end":{"line":44,"column":31}},"23":{"start":{"line":45,"column":4},"end":{"line":45,"column":33}},"24":{"start":{"line":49,"column":0},"end":{"line":74,"column":2}},"25":{"start":{"line":50,"column":18},"end":{"line":50,"column":36}},"26":{"start":{"line":51,"column":4},"end":{"line":52,"column":58}},"27":{"start":{"line":52,"column":4},"end":{"line":52,"column":58}},"28":{"start":{"line":54,"column":18},"end":{"line":54,"column":62}},"29":{"start":{"line":55,"column":4},"end":{"line":56,"column":71}},"30":{"start":{"line":56,"column":4},"end":{"line":56,"column":71}},"31":{"start":{"line":58,"column":17},"end":{"line":68,"column":18}},"32":{"start":{"line":70,"column":4},"end":{"line":71,"column":68}},"33":{"start":{"line":71,"column":4},"end":{"line":71,"column":68}},"34":{"start":{"line":73,"column":4},"end":{"line":73,"column":21}},"35":{"start":{"line":77,"column":0},"end":{"line":83,"column":2}},"36":{"start":{"line":78,"column":17},"end":{"line":78,"column":62}},"37":{"start":{"line":79,"column":4},"end":{"line":80,"column":68}},"38":{"start":{"line":80,"column":4},"end":{"line":80,"column":68}},"39":{"start":{"line":81,"column":4},"end":{"line":81,"column":21}},"40":{"start":{"line":86,"column":0},"end":{"line":86,"column":22}}},"fnMap":{"0":{"name":"(anonymous_0)","decl":{"start":{"line":9,"column":16},"end":{"line":9,"column":17}},"loc":{"start":{"line":9,"column":34},"end":{"line":12,"column":1}},"line":9},"1":{"name":"(anonymous_1)","decl":{"start":{"line":15,"column":19},"end":{"line":15,"column":20}},"loc":{"start":{"line":15,"column":36},"end":{"line":21,"column":1}},"line":15},"2":{"name":"(anonymous_2)","decl":{"start":{"line":24,"column":22},"end":{"line":24,"column":23}},"loc":{"start":{"line":24,"column":39},"end":{"line":46,"column":1}},"line":24},"3":{"name":"(anonymous_3)","decl":{"start":{"line":49,"column":24},"end":{"line":49,"column":25}},"loc":{"start":{"line":49,"column":41},"end":{"line":74,"column":1}},"line":49},"4":{"name":"(anonymous_4)","decl":{"start":{"line":77,"column":28},"end":{"line":77,"column":29}},"loc":{"start":{"line":77,"column":45},"end":{"line":83,"column":1}},"line":77}},"branchMap":{"0":{"loc":{"start":{"line":17,"column":4},"end":{"line":19,"column":5}},"type":"if","locations":[{"start":{"line":17,"column":4},"end":{"line":19,"column":5}},{"start":{},"end":{}}],"line":17},"1":{"loc":{"start":{"line":26,"column":4},"end":{"line":27,"column":58}},"type":"if","locations":[{"start":{"line":26,"column":4},"end":{"line":27,"column":58}},{"start":{},"end":{}}],"line":26},"2":{"loc":{"start":{"line":30,"column":4},"end":{"line":31,"column":76}},"type":"if","locations":[{"start":{"line":30,"column":4},"end":{"line":31,"column":76}},{"start":{},"end":{}}],"line":30},"3":{"loc":{"start":{"line":51,"column":4},"end":{"line":52,"column":58}},"type":"if","locations":[{"start":{"line":51,"column":4},"end":{"line":52,"column":58}},{"start":{},"end":{}}],"line":51},"4":{"loc":{"start":{"line":55,"column":4},"end":{"line":56,"column":71}},"type":"if","locations":[{"start":{"line":55,"column":4},"end":{"line":56,"column":71}},{"start":{},"end":{}}],"line":55},"5":{"loc":{"start":{"line":70,"column":4},"end":{"line":71,"column":68}},"type":"if","locations":[{"start":{"line":70,"column":4},"end":{"line":71,"column":68}},{"start":{},"end":{}}],"line":70},"6":{"loc":{"start":{"line":79,"column":4},"end":{"line":80,"column":68}},"type":"if","locations":[{"start":{"line":79,"column":4},"end":{"line":80,"column":68}},{"start":{},"end":{}}],"line":79}},"s":{"0":1,"1":1,"2":1,"3":1,"4":1,"5":1,"6":1,"7":0,"8":0,"9":1,"10":0,"11":0,"12":0,"13":0,"14":1,"15":0,"16":0,"17":0,"18":0,"19":0,"20":0,"21":0,"22":0,"23":0,"24":1,"25":0,"26":0,"27":0,"28":0,"29":0,"30":0,"31":0,"32":0,"33":0,"34":0,"35":1,"36":0,"37":0,"38":0,"39":0,"40":1},"f":{"0":0,"1":0,"2":0,"3":0,"4":0},"b":{"0":[0,0],"1":[0,0],"2":[0,0],"3":[0,0],"4":[0,0],"5":[0,0],"6":[0,0]},"_coverageSchema":"1a1c01bbd47fc00a2c39e90264f33305004495a9","hash":"66e0fffcb54a0fbc783c45257e270493667b229e"}
,"C:\\Users\\Bahromjon\\Desktop\\NODE\\express-topshiriq\\routes\\customers.js": {"path":"C:\\Users\\Bahromjon\\Desktop\\NODE\\express-topshiriq\\routes\\customers.js","statementMap":{"0":{"start":{"line":1,"column":14},"end":{"line":1,"column":32}},"1":{"start":{"line":2,"column":13},"end":{"line":2,"column":29}},"2":{"start":{"line":3,"column":28},"end":{"line":3,"column":58}},"3":{"start":{"line":4,"column":11},"end":{"line":4,"column":40}},"4":{"start":{"line":7,"column":0},"end":{"line":10,"column":3}},"5":{"start":{"line":8,"column":20},"end":{"line":8,"column":55}},"6":{"start":{"line":9,"column":4},"end":{"line":9,"column":24}},"7":{"start":{"line":13,"column":0},"end":{"line":20,"column":3}},"8":{"start":{"line":14,"column":19},"end":{"line":14,"column":58}},"9":{"start":{"line":16,"column":4},"end":{"line":17,"column":71}},"10":{"start":{"line":17,"column":4},"end":{"line":17,"column":71}},"11":{"start":{"line":19,"column":4},"end":{"line":19,"column":23}},"12":{"start":{"line":22,"column":0},"end":{"line":36,"column":2}},"13":{"start":{"line":23,"column":18},"end":{"line":23,"column":36}},"14":{"start":{"line":25,"column":4},"end":{"line":26,"column":58}},"15":{"start":{"line":26,"column":4},"end":{"line":26,"column":58}},"16":{"start":{"line":28,"column":17},"end":{"line":32,"column":6}},"17":{"start":{"line":34,"column":4},"end":{"line":34,"column":35}},"18":{"start":{"line":35,"column":4},"end":{"line":35,"column":23}},"19":{"start":{"line":38,"column":0},"end":{"line":53,"column":2}},"20":{"start":{"line":39,"column":14},"end":{"line":39,"column":32}},"21":{"start":{"line":40,"column":0},"end":{"line":41,"column":53}},"22":{"start":{"line":41,"column":0},"end":{"line":41,"column":53}},"23":{"start":{"line":43,"column":21},"end":{"line":48,"column":19}},"24":{"start":{"line":49,"column":4},"end":{"line":50,"column":71}},"25":{"start":{"line":50,"column":4},"end":{"line":50,"column":71}},"26":{"start":{"line":52,"column":4},"end":{"line":52,"column":23}},"27":{"start":{"line":55,"column":0},"end":{"line":61,"column":2}},"28":{"start":{"line":56,"column":20},"end":{"line":56,"column":68}},"29":{"start":{"line":57,"column":4},"end":{"line":58,"column":70}},"30":{"start":{"line":58,"column":4},"end":{"line":58,"column":70}},"31":{"start":{"line":60,"column":4},"end":{"line":60,"column":23}},"32":{"start":{"line":66,"column":4},"end":{"line":66,"column":25}}},"fnMap":{"0":{"name":"(anonymous_0)","decl":{"start":{"line":7,"column":16},"end":{"line":7,"column":17}},"loc":{"start":{"line":7,"column":32},"end":{"line":10,"column":1}},"line":7},"1":{"name":"(anonymous_1)","decl":{"start":{"line":13,"column":19},"end":{"line":13,"column":20}},"loc":{"start":{"line":13,"column":36},"end":{"line":20,"column":1}},"line":13},"2":{"name":"(anonymous_2)","decl":{"start":{"line":22,"column":23},"end":{"line":22,"column":24}},"loc":{"start":{"line":22,"column":40},"end":{"line":36,"column":1}},"line":22},"3":{"name":"(anonymous_3)","decl":{"start":{"line":38,"column":25},"end":{"line":38,"column":26}},"loc":{"start":{"line":38,"column":42},"end":{"line":53,"column":1}},"line":38},"4":{"name":"(anonymous_4)","decl":{"start":{"line":55,"column":27},"end":{"line":55,"column":28}},"loc":{"start":{"line":55,"column":44},"end":{"line":61,"column":1}},"line":55}},"branchMap":{"0":{"loc":{"start":{"line":16,"column":4},"end":{"line":17,"column":71}},"type":"if","locations":[{"start":{"line":16,"column":4},"end":{"line":17,"column":71}},{"start":{},"end":{}}],"line":16},"1":{"loc":{"start":{"line":25,"column":4},"end":{"line":26,"column":58}},"type":"if","locations":[{"start":{"line":25,"column":4},"end":{"line":26,"column":58}},{"start":{},"end":{}}],"line":25},"2":{"loc":{"start":{"line":40,"column":0},"end":{"line":41,"column":53}},"type":"if","locations":[{"start":{"line":40,"column":0},"end":{"line":41,"column":53}},{"start":{},"end":{}}],"line":40},"3":{"loc":{"start":{"line":49,"column":4},"end":{"line":50,"column":71}},"type":"if","locations":[{"start":{"line":49,"column":4},"end":{"line":50,"column":71}},{"start":{},"end":{}}],"line":49},"4":{"loc":{"start":{"line":57,"column":4},"end":{"line":58,"column":70}},"type":"if","locations":[{"start":{"line":57,"column":4},"end":{"line":58,"column":70}},{"start":{},"end":{}}],"line":57}},"s":{"0":1,"1":1,"2":1,"3":1,"4":1,"5":0,"6":0,"7":1,"8":0,"9":0,"10":0,"11":0,"12":1,"13":0,"14":0,"15":0,"16":0,"17":0,"18":0,"19":1,"20":0,"21":0,"22":0,"23":0,"24":0,"25":0,"26":0,"27":1,"28":0,"29":0,"30":0,"31":0,"32":1},"f":{"0":0,"1":0,"2":0,"3":0,"4":0},"b":{"0":[0,0],"1":[0,0],"2":[0,0],"3":[0,0],"4":[0,0]},"_coverageSchema":"1a1c01bbd47fc00a2c39e90264f33305004495a9","hash":"ac68620ecb788ff2f54e5cc7cca147f814f6499c"}
,"C:\\Users\\Bahromjon\\Desktop\\NODE\\express-topshiriq\\routes\\enrollment.js": {"path":"C:\\Users\\Bahromjon\\Desktop\\NODE\\express-topshiriq\\routes\\enrollment.js","statementMap":{"0":{"start":{"line":1,"column":49},"end":{"line":1,"column":80}},"1":{"start":{"line":2,"column":15},"end":{"line":2,"column":43}},"2":{"start":{"line":3,"column":17},"end":{"line":3,"column":47}},"3":{"start":{"line":4,"column":15},"end":{"line":4,"column":34}},"4":{"start":{"line":5,"column":15},"end":{"line":5,"column":33}},"5":{"start":{"line":6,"column":13},"end":{"line":6,"column":29}},"6":{"start":{"line":7,"column":11},"end":{"line":7,"column":40}},"7":{"start":{"line":11,"column":0},"end":{"line":15,"column":2}},"8":{"start":{"line":12,"column":21},"end":{"line":12,"column":63}},"9":{"start":{"line":13,"column":4},"end":{"line":13,"column":25}},"10":{"start":{"line":14,"column":4},"end":{"line":14,"column":26}},"11":{"start":{"line":19,"column":0},"end":{"line":25,"column":2}},"12":{"start":{"line":20,"column":21},"end":{"line":20,"column":61}},"13":{"start":{"line":21,"column":4},"end":{"line":22,"column":72}},"14":{"start":{"line":22,"column":4},"end":{"line":22,"column":72}},"15":{"start":{"line":24,"column":4},"end":{"line":24,"column":25}},"16":{"start":{"line":28,"column":0},"end":{"line":62,"column":2}},"17":{"start":{"line":29,"column":18},"end":{"line":29,"column":47}},"18":{"start":{"line":30,"column":4},"end":{"line":31,"column":58}},"19":{"start":{"line":31,"column":4},"end":{"line":31,"column":58}},"20":{"start":{"line":33,"column":17},"end":{"line":33,"column":62}},"21":{"start":{"line":34,"column":4},"end":{"line":35,"column":69}},"22":{"start":{"line":35,"column":4},"end":{"line":35,"column":69}},"23":{"start":{"line":37,"column":16},"end":{"line":37,"column":56}},"24":{"start":{"line":38,"column":4},"end":{"line":39,"column":66}},"25":{"start":{"line":39,"column":4},"end":{"line":39,"column":66}},"26":{"start":{"line":42,"column":21},"end":{"line":52,"column":8}},"27":{"start":{"line":53,"column":6},"end":{"line":54,"column":63}},"28":{"start":{"line":54,"column":8},"end":{"line":54,"column":63}},"29":{"start":{"line":56,"column":6},"end":{"line":56,"column":43}},"30":{"start":{"line":58,"column":6},"end":{"line":58,"column":29}},"31":{"start":{"line":59,"column":6},"end":{"line":59,"column":22}},"32":{"start":{"line":61,"column":6},"end":{"line":61,"column":27}},"33":{"start":{"line":65,"column":0},"end":{"line":70,"column":2}},"34":{"start":{"line":66,"column":21},"end":{"line":66,"column":69}},"35":{"start":{"line":67,"column":4},"end":{"line":68,"column":72}},"36":{"start":{"line":68,"column":4},"end":{"line":68,"column":72}},"37":{"start":{"line":69,"column":4},"end":{"line":69,"column":25}},"38":{"start":{"line":72,"column":0},"end":{"line":72,"column":22}}},"fnMap":{"0":{"name":"(anonymous_0)","decl":{"start":{"line":11,"column":16},"end":{"line":11,"column":17}},"loc":{"start":{"line":11,"column":33},"end":{"line":15,"column":1}},"line":11},"1":{"name":"(anonymous_1)","decl":{"start":{"line":19,"column":19},"end":{"line":19,"column":20}},"loc":{"start":{"line":19,"column":37},"end":{"line":25,"column":1}},"line":19},"2":{"name":"(anonymous_2)","decl":{"start":{"line":28,"column":23},"end":{"line":28,"column":24}},"loc":{"start":{"line":28,"column":39},"end":{"line":62,"column":1}},"line":28},"3":{"name":"(anonymous_3)","decl":{"start":{"line":65,"column":28},"end":{"line":65,"column":29}},"loc":{"start":{"line":65,"column":45},"end":{"line":70,"column":1}},"line":65}},"branchMap":{"0":{"loc":{"start":{"line":21,"column":4},"end":{"line":22,"column":72}},"type":"if","locations":[{"start":{"line":21,"column":4},"end":{"line":22,"column":72}},{"start":{},"end":{}}],"line":21},"1":{"loc":{"start":{"line":30,"column":4},"end":{"line":31,"column":58}},"type":"if","locations":[{"start":{"line":30,"column":4},"end":{"line":31,"column":58}},{"start":{},"end":{}}],"line":30},"2":{"loc":{"start":{"line":34,"column":4},"end":{"line":35,"column":69}},"type":"if","locations":[{"start":{"line":34,"column":4},"end":{"line":35,"column":69}},{"start":{},"end":{}}],"line":34},"3":{"loc":{"start":{"line":38,"column":4},"end":{"line":39,"column":66}},"type":"if","locations":[{"start":{"line":38,"column":4},"end":{"line":39,"column":66}},{"start":{},"end":{}}],"line":38},"4":{"loc":{"start":{"line":53,"column":6},"end":{"line":54,"column":63}},"type":"if","locations":[{"start":{"line":53,"column":6},"end":{"line":54,"column":63}},{"start":{},"end":{}}],"line":53},"5":{"loc":{"start":{"line":67,"column":4},"end":{"line":68,"column":72}},"type":"if","locations":[{"start":{"line":67,"column":4},"end":{"line":68,"column":72}},{"start":{},"end":{}}],"line":67}},"s":{"0":1,"1":1,"2":1,"3":1,"4":1,"5":1,"6":1,"7":1,"8":0,"9":0,"10":0,"11":1,"12":0,"13":0,"14":0,"15":0,"16":1,"17":0,"18":0,"19":0,"20":0,"21":0,"22":0,"23":0,"24":0,"25":0,"26":0,"27":0,"28":0,"29":0,"30":0,"31":0,"32":0,"33":1,"34":0,"35":0,"36":0,"37":0,"38":1},"f":{"0":0,"1":0,"2":0,"3":0},"b":{"0":[0,0],"1":[0,0],"2":[0,0],"3":[0,0],"4":[0,0],"5":[0,0]},"_coverageSchema":"1a1c01bbd47fc00a2c39e90264f33305004495a9","hash":"627efe82768c09fb5ab216c3889e034a29870a45"}
,"C:\\Users\\Bahromjon\\Desktop\\NODE\\express-topshiriq\\routes\\user.js": {"path":"C:\\Users\\Bahromjon\\Desktop\\NODE\\express-topshiriq\\routes\\user.js","statementMap":{"0":{"start":{"line":1,"column":14},"end":{"line":1,"column":32}},"1":{"start":{"line":2,"column":13},"end":{"line":2,"column":29}},"2":{"start":{"line":3,"column":29},"end":{"line":3,"column":54}},"3":{"start":{"line":4,"column":8},"end":{"line":4,"column":25}},"4":{"start":{"line":5,"column":14},"end":{"line":5,"column":31}},"5":{"start":{"line":6,"column":13},"end":{"line":6,"column":42}},"6":{"start":{"line":9,"column":0},"end":{"line":12,"column":2}},"7":{"start":{"line":10,"column":13},"end":{"line":10,"column":66}},"8":{"start":{"line":11,"column":2},"end":{"line":11,"column":24}},"9":{"start":{"line":14,"column":0},"end":{"line":28,"column":2}},"10":{"start":{"line":15,"column":18},"end":{"line":15,"column":42}},"11":{"start":{"line":16,"column":4},"end":{"line":17,"column":61}},"12":{"start":{"line":17,"column":8},"end":{"line":17,"column":61}},"13":{"start":{"line":19,"column":18},"end":{"line":19,"column":60}},"14":{"start":{"line":20,"column":8},"end":{"line":21,"column":67}},"15":{"start":{"line":21,"column":8},"end":{"line":21,"column":67}},"16":{"start":{"line":23,"column":8},"end":{"line":23,"column":78}},"17":{"start":{"line":24,"column":19},"end":{"line":24,"column":41}},"18":{"start":{"line":25,"column":8},"end":{"line":25,"column":61}},"19":{"start":{"line":26,"column":8},"end":{"line":26,"column":26}},"20":{"start":{"line":27,"column":8},"end":{"line":27,"column":65}},"21":{"start":{"line":30,"column":0},"end":{"line":30,"column":22}}},"fnMap":{"0":{"name":"(anonymous_0)","decl":{"start":{"line":9,"column":24},"end":{"line":9,"column":25}},"loc":{"start":{"line":9,"column":42},"end":{"line":12,"column":1}},"line":9},"1":{"name":"(anonymous_1)","decl":{"start":{"line":14,"column":17},"end":{"line":14,"column":18}},"loc":{"start":{"line":14,"column":34},"end":{"line":28,"column":1}},"line":14}},"branchMap":{"0":{"loc":{"start":{"line":16,"column":4},"end":{"line":17,"column":61}},"type":"if","locations":[{"start":{"line":16,"column":4},"end":{"line":17,"column":61}},{"start":{},"end":{}}],"line":16},"1":{"loc":{"start":{"line":20,"column":8},"end":{"line":21,"column":67}},"type":"if","locations":[{"start":{"line":20,"column":8},"end":{"line":21,"column":67}},{"start":{},"end":{}}],"line":20}},"s":{"0":1,"1":1,"2":1,"3":1,"4":1,"5":1,"6":1,"7":0,"8":0,"9":1,"10":0,"11":0,"12":0,"13":0,"14":0,"15":0,"16":0,"17":0,"18":0,"19":0,"20":0,"21":1},"f":{"0":0,"1":0},"b":{"0":[0,0],"1":[0,0]},"_coverageSchema":"1a1c01bbd47fc00a2c39e90264f33305004495a9","hash":"df1d4dbac88014e468301bd697726974e373245a"}
,"C:\\Users\\Bahromjon\\Desktop\\NODE\\express-topshiriq\\startup\\config.js": {"path":"C:\\Users\\Bahromjon\\Desktop\\NODE\\express-topshiriq\\startup\\config.js","statementMap":{"0":{"start":{"line":1,"column":15},"end":{"line":1,"column":32}},"1":{"start":{"line":3,"column":0},"end":{"line":7,"column":1}},"2":{"start":{"line":4,"column":4},"end":{"line":6,"column":5}},"3":{"start":{"line":5,"column":8},"end":{"line":5,"column":97}}},"fnMap":{"0":{"name":"(anonymous_0)","decl":{"start":{"line":3,"column":17},"end":{"line":3,"column":18}},"loc":{"start":{"line":3,"column":29},"end":{"line":7,"column":1}},"line":3}},"branchMap":{"0":{"loc":{"start":{"line":4,"column":4},"end":{"line":6,"column":5}},"type":"if","locations":[{"start":{"line":4,"column":4},"end":{"line":6,"column":5}},{"start":{},"end":{}}],"line":4}},"s":{"0":1,"1":1,"2":1,"3":0},"f":{"0":1},"b":{"0":[0,1]},"_coverageSchema":"1a1c01bbd47fc00a2c39e90264f33305004495a9","hash":"084cee1e2804133ac0f982b1466297344b25c5bd"}
,"C:\\Users\\Bahromjon\\Desktop\\NODE\\express-topshiriq\\startup\\db.js": {"path":"C:\\Users\\Bahromjon\\Desktop\\NODE\\express-topshiriq\\startup\\db.js","statementMap":{"0":{"start":{"line":1,"column":16},"end":{"line":1,"column":35}},"1":{"start":{"line":2,"column":15},"end":{"line":2,"column":32}},"2":{"start":{"line":3,"column":16},"end":{"line":3,"column":34}},"3":{"start":{"line":5,"column":0},"end":{"line":11,"column":1}},"4":{"start":{"line":6,"column":4},"end":{"line":9,"column":10}},"5":{"start":{"line":8,"column":12},"end":{"line":8,"column":60}}},"fnMap":{"0":{"name":"(anonymous_0)","decl":{"start":{"line":5,"column":17},"end":{"line":5,"column":18}},"loc":{"start":{"line":5,"column":29},"end":{"line":11,"column":1}},"line":5},"1":{"name":"(anonymous_1)","decl":{"start":{"line":7,"column":14},"end":{"line":7,"column":15}},"loc":{"start":{"line":7,"column":20},"end":{"line":9,"column":9}},"line":7}},"branchMap":{},"s":{"0":1,"1":1,"2":1,"3":1,"4":1,"5":1},"f":{"0":1,"1":1},"b":{},"_coverageSchema":"1a1c01bbd47fc00a2c39e90264f33305004495a9","hash":"ddefc08b13dc2f8234d4dc863099c8880da13923"}
,"C:\\Users\\Bahromjon\\Desktop\\NODE\\express-topshiriq\\startup\\logging.js": {"path":"C:\\Users\\Bahromjon\\Desktop\\NODE\\express-topshiriq\\startup\\logging.js","statementMap":{"0":{"start":{"line":1,"column":16},"end":{"line":1,"column":34}},"1":{"start":{"line":2,"column":0},"end":{"line":2,"column":27}},"2":{"start":{"line":3,"column":0},"end":{"line":3,"column":32}},"3":{"start":{"line":5,"column":0},"end":{"line":13,"column":1}},"4":{"start":{"line":6,"column":4},"end":{"line":6,"column":50}},"5":{"start":{"line":7,"column":4},"end":{"line":7,"column":94}},"6":{"start":{"line":8,"column":4},"end":{"line":8,"column":110}},"7":{"start":{"line":9,"column":4},"end":{"line":9,"column":92}},"8":{"start":{"line":10,"column":4},"end":{"line":12,"column":7}}},"fnMap":{"0":{"name":"(anonymous_0)","decl":{"start":{"line":5,"column":17},"end":{"line":5,"column":18}},"loc":{"start":{"line":5,"column":29},"end":{"line":13,"column":1}},"line":5},"1":{"name":"(anonymous_1)","decl":{"start":{"line":10,"column":37},"end":{"line":10,"column":38}},"loc":{"start":{"line":10,"column":43},"end":{"line":12,"column":5}},"line":10}},"branchMap":{},"s":{"0":1,"1":1,"2":1,"3":1,"4":1,"5":1,"6":1,"7":1,"8":1},"f":{"0":1,"1":0},"b":{},"_coverageSchema":"1a1c01bbd47fc00a2c39e90264f33305004495a9","hash":"2f8b67e30817494107e90e9e9a71f3af3f6c0313"}
,"C:\\Users\\Bahromjon\\Desktop\\NODE\\express-topshiriq\\startup\\routes.js": {"path":"C:\\Users\\Bahromjon\\Desktop\\NODE\\express-topshiriq\\startup\\routes.js","statementMap":{"0":{"start":{"line":1,"column":16},"end":{"line":1,"column":34}},"1":{"start":{"line":2,"column":24},"end":{"line":2,"column":54}},"2":{"start":{"line":3,"column":23},"end":{"line":3,"column":53}},"3":{"start":{"line":4,"column":15},"end":{"line":4,"column":43}},"4":{"start":{"line":5,"column":19},"end":{"line":5,"column":50}},"5":{"start":{"line":6,"column":13},"end":{"line":6,"column":38}},"6":{"start":{"line":7,"column":13},"end":{"line":7,"column":38}},"7":{"start":{"line":8,"column":17},"end":{"line":8,"column":46}},"8":{"start":{"line":10,"column":0},"end":{"line":19,"column":1}},"9":{"start":{"line":11,"column":4},"end":{"line":11,"column":29}},"10":{"start":{"line":12,"column":4},"end":{"line":12,"column":28}},"11":{"start":{"line":13,"column":4},"end":{"line":13,"column":38}},"12":{"start":{"line":14,"column":4},"end":{"line":14,"column":45}},"13":{"start":{"line":15,"column":4},"end":{"line":15,"column":35}},"14":{"start":{"line":16,"column":4},"end":{"line":16,"column":42}},"15":{"start":{"line":17,"column":4},"end":{"line":17,"column":30}},"16":{"start":{"line":18,"column":4},"end":{"line":18,"column":30}}},"fnMap":{"0":{"name":"(anonymous_0)","decl":{"start":{"line":10,"column":17},"end":{"line":10,"column":18}},"loc":{"start":{"line":10,"column":32},"end":{"line":19,"column":1}},"line":10}},"branchMap":{},"s":{"0":1,"1":1,"2":1,"3":1,"4":1,"5":1,"6":1,"7":1,"8":1,"9":1,"10":1,"11":1,"12":1,"13":1,"14":1,"15":1,"16":1},"f":{"0":1},"b":{},"_coverageSchema":"1a1c01bbd47fc00a2c39e90264f33305004495a9","hash":"d877634fda38cf1d5dae19d8a7fac41f58c8107f"}
}
